Flow report for md5
Mon Mar 31 00:43:07 2025
Quartus II 64-Bit Version 14.0.2 Build 209 09/17/2014 SJ Full Version


---------------------
; Table of Contents ;
---------------------
  1. Legal Notice
  2. Flow Summary
  3. Flow Settings
  4. Flow Non-Default Global Settings
  5. Flow Elapsed Time
  6. Flow OS Summary
  7. Flow Log
  8. Flow Messages
  9. Flow Suppressed Messages



----------------
; Legal Notice ;
----------------
Copyright (C) 1991-2014 Altera Corporation. All rights reserved.
Your use of Altera Corporation's design tools, logic functions 
and other software and tools, and its AMPP partner logic 
functions, and any output files from any of the foregoing 
(including device programming or simulation files), and any 
associated documentation or information are expressly subject 
to the terms and conditions of the Altera Program License 
Subscription Agreement, the Altera Quartus II License Agreement,
the Altera MegaCore Function License Agreement, or other 
applicable license agreement, including, without limitation, 
that your use is for the sole purpose of programming logic 
devices manufactured by Altera and sold by Altera or its 
authorized distributors.  Please refer to the applicable 
agreement for further details.



+-------------------------------------------------------------------------------+
; Flow Summary                                                                  ;
+---------------------------------+---------------------------------------------+
; Flow Status                     ; Successful - Mon Mar 31 00:43:07 2025       ;
; Quartus II 64-Bit Version       ; 14.0.2 Build 209 09/17/2014 SJ Full Version ;
; Revision Name                   ; md5                                         ;
; Top-level Entity Name           ; FPGA_HPS                                    ;
; Family                          ; Cyclone V                                   ;
; Device                          ; 5CSEMA5F31C6                                ;
; Timing Models                   ; Final                                       ;
; Logic utilization (in ALMs)     ; 14,058 / 32,070 ( 44 % )                    ;
; Total registers                 ; 13838                                       ;
; Total pins                      ; 147 / 457 ( 32 % )                          ;
; Total virtual pins              ; 0                                           ;
; Total block memory bits         ; 54,272 / 4,065,280 ( 1 % )                  ;
; Total DSP Blocks                ; 0 / 87 ( 0 % )                              ;
; Total HSSI RX PCSs              ; 0                                           ;
; Total HSSI PMA RX Deserializers ; 0                                           ;
; Total HSSI TX PCSs              ; 0                                           ;
; Total HSSI PMA TX Serializers   ; 0                                           ;
; Total PLLs                      ; 0 / 6 ( 0 % )                               ;
; Total DLLs                      ; 1 / 4 ( 25 % )                              ;
+---------------------------------+---------------------------------------------+


+-----------------------------------------+
; Flow Settings                           ;
+-------------------+---------------------+
; Option            ; Setting             ;
+-------------------+---------------------+
; Start date & time ; 03/31/2025 00:34:42 ;
; Main task         ; Compilation         ;
; Revision Name     ; md5                 ;
+-------------------+---------------------+


+------------------------------------------------------------------------------------------------------------------------------+
; Flow Non-Default Global Settings                                                                                             ;
+---------------------------------------+---------------------------------------+---------------+-------------+----------------+
; Assignment Name                       ; Value                                 ; Default Value ; Entity Name ; Section Id     ;
+---------------------------------------+---------------------------------------+---------------+-------------+----------------+
; COMPILER_SIGNATURE_ID                 ; 26403095509693.174339568231384        ; --            ; --          ; --             ;
; ECO_REGENERATE_REPORT                 ; On                                    ; Off           ; --          ; --             ;
; EDA_OUTPUT_DATA_FORMAT                ; Vhdl                                  ; --            ; --          ; eda_simulation ;
; EDA_SIMULATION_TOOL                   ; ModelSim-Altera (VHDL)                ; <None>        ; --          ; --             ;
; IP_TOOL_NAME                          ; ROM: 2-PORT                           ; --            ; --          ; --             ;
; IP_TOOL_NAME                          ; RAM: 2-PORT                           ; --            ; --          ; --             ;
; IP_TOOL_NAME                          ; ROM: 2-PORT                           ; --            ; --          ; --             ;
; IP_TOOL_VERSION                       ; 13.1                                  ; --            ; --          ; --             ;
; IP_TOOL_VERSION                       ; 13.1                                  ; --            ; --          ; --             ;
; IP_TOOL_VERSION                       ; 13.1                                  ; --            ; --          ; --             ;
; MAX_CORE_JUNCTION_TEMP                ; 85                                    ; --            ; --          ; --             ;
; MIN_CORE_JUNCTION_TEMP                ; 0                                     ; --            ; --          ; --             ;
; MISC_FILE                             ; srom.cmp                              ; --            ; --          ; --             ;
; MISC_FILE                             ; mram.cmp                              ; --            ; --          ; --             ;
; MISC_FILE                             ; krom.cmp                              ; --            ; --          ; --             ;
; PARTITION_COLOR                       ; 16764057                              ; --            ; fpga_hps    ; Top            ;
; PARTITION_FITTER_PRESERVATION_LEVEL   ; PLACEMENT_AND_ROUTING                 ; --            ; fpga_hps    ; Top            ;
; PARTITION_NETLIST_TYPE                ; SOURCE                                ; --            ; fpga_hps    ; Top            ;
; POWER_BOARD_THERMAL_MODEL             ; None (CONSERVATIVE)                   ; --            ; --          ; --             ;
; POWER_PRESET_COOLING_SOLUTION         ; 23 MM HEAT SINK WITH 200 LFPM AIRFLOW ; --            ; --          ; --             ;
; PROJECT_OUTPUT_DIRECTORY              ; output_files                          ; --            ; --          ; --             ;
; TOP_LEVEL_ENTITY                      ; fpga_hps                              ; md5           ; --          ; --             ;
; USE_DLL_FREQUENCY_FOR_DQS_DELAY_CHAIN ; On                                    ; Off           ; --          ; --             ;
+---------------------------------------+---------------------------------------+---------------+-------------+----------------+


+-------------------------------------------------------------------------------------------------------------------------------+
; Flow Elapsed Time                                                                                                             ;
+---------------------------+--------------+-------------------------+---------------------+------------------------------------+
; Module Name               ; Elapsed Time ; Average Processors Used ; Peak Virtual Memory ; Total CPU Time (on all processors) ;
+---------------------------+--------------+-------------------------+---------------------+------------------------------------+
; Analysis & Synthesis      ; 00:02:03     ; 1.5                     ; 1416 MB             ; 00:02:38                           ;
; Fitter                    ; 00:03:47     ; 2.1                     ; 3213 MB             ; 00:06:58                           ;
; Assembler                 ; 00:00:20     ; 1.0                     ; 1158 MB             ; 00:00:19                           ;
; TimeQuest Timing Analyzer ; 00:01:24     ; 2.7                     ; 2068 MB             ; 00:02:55                           ;
; EDA Netlist Writer        ; 00:00:12     ; 1.0                     ; 1374 MB             ; 00:00:11                           ;
; Total                     ; 00:07:46     ; --                      ; --                  ; 00:13:01                           ;
+---------------------------+--------------+-------------------------+---------------------+------------------------------------+


+------------------------------------------------------------------------------------------------+
; Flow OS Summary                                                                                ;
+---------------------------+---------------------+--------------+--------------+----------------+
; Module Name               ; Machine Hostname    ; OS Name      ; OS Version   ; Processor type ;
+---------------------------+---------------------+--------------+--------------+----------------+
; Analysis & Synthesis      ; cmp43.ee.ryerson.ca ; CentOS Linux ; CentOS Linux ; x86_64         ;
; Fitter                    ; cmp43.ee.ryerson.ca ; CentOS Linux ; CentOS Linux ; x86_64         ;
; Assembler                 ; cmp43.ee.ryerson.ca ; CentOS Linux ; CentOS Linux ; x86_64         ;
; TimeQuest Timing Analyzer ; cmp43.ee.ryerson.ca ; CentOS Linux ; CentOS Linux ; x86_64         ;
; EDA Netlist Writer        ; cmp43.ee.ryerson.ca ; CentOS Linux ; CentOS Linux ; x86_64         ;
+---------------------------+---------------------+--------------+--------------+----------------+


------------
; Flow Log ;
------------
quartus_map --read_settings_files=on --write_settings_files=off md5 -c md5
quartus_fit --read_settings_files=off --write_settings_files=off md5 -c md5
quartus_asm --read_settings_files=off --write_settings_files=off md5 -c md5
quartus_sta md5 -c md5
quartus_eda --read_settings_files=off --write_settings_files=off md5 -c md5



